<?xml version="1.0" encoding="UTF-8"?>
<!-- Generated by org.testng.reporters.JUnitReportReporter -->
<testsuite hostname="LAPTOP-2BUEKB09" failures="0" tests="1" name="pack.AppTest" time="0.005" errors="0" timestamp="2021-02-06T09:45:43 WAT" skipped="0">
  <testcase classname="pack.AppTest" name="testApp" time="0.005"/>
  <system-out/>
</testsuite> <!-- pack.AppTest -->
