<?xml version="1.0" encoding="UTF-8"?>
<!-- Generated by org.testng.reporters.JUnitReportReporter -->
<testsuite hostname="LAPTOP-2BUEKB09" failures="0" tests="3" name="pack.exercice" time="42.149" errors="0" timestamp="2021-02-06T09:12:08 WAT" skipped="0">
  <testcase classname="pack.exercice" name="Test1" time="11.377"/>
  <system-out/>
  <testcase classname="pack.exercice" name="Test1" time="17.526"/>
  <system-out/>
  <testcase classname="pack.exercice" name="Test1" time="13.246"/>
  <system-out/>
</testsuite> <!-- pack.exercice -->
