<?xml version="1.0" encoding="UTF-8"?>
<!-- Generated by org.testng.reporters.JUnitReportReporter -->
<testsuite hostname="LAPTOP-2BUEKB09" failures="0" tests="2" name="pack.Test_excelNG" time="248.669" errors="0" timestamp="2021-02-06T10:16:27 WAT" skipped="0">
  <testcase classname="pack.Test_excelNG" name="testCaseData" time="156.704"/>
  <system-out/>
  <testcase classname="pack.Test_excelNG" name="testCaseData" time="91.965"/>
  <system-out/>
</testsuite> <!-- pack.Test_excelNG -->
